20:45:37 07/29/06 ident [info] PRUEBA
20:46:10 07/29/06 ident [info] PRUEBA
20:50:28 07/29/06 ident [info] PRUEBA
20:50:40 07/29/06 ident [info] PRUEBA
20:51:36 07/29/06 ident [info] PRUEBA
20:52:31 07/29/06 ident [info] PRUEBA1
20:58:20 07/29/06 ident [info] PRUEBA1
20:59:03 07/29/06 ident [info] Mariano Galan
21:01:36 07/29/06 ident [info] Laura Caliusco
21:02:38 07/29/06 ident [info] Omar Chiotti
11:05:22 07/31/06 ident [info] Omar Chiotti
15:25:37 07/31/06 ident [info] Horacio Leone
15:37:31 07/31/06 ident [info] Horacio Leone
16:59:28 07/31/06 ident [info] Horacio Leone
18:19:04 07/31/06 ident [info] Maria de los Milagros Gutierrez
18:44:05 07/31/06 ident [info] Malva Toso
19:06:33 07/31/06 ident [info] Rosana Portillo
07:31:58 08/01/06 ident [info] Rudi Grether
07:43:34 08/01/06 ident [info] Rudi Grether
07:51:47 08/01/06 ident [info] Rudi Grether
10:47:37 08/01/06 ident [info] Victorio Enrique Sonzogni
11:03:29 08/01/06 ident [info] Pablo AndrÈs Pessolani
11:49:50 08/01/06 ident [info] Victorio Enrique Sonzogni
11:50:53 08/01/06 ident [info] Victorio Enrique Sonzogni
12:16:47 08/01/06 ident [info] Victorio Enrique Sonzogni
15:53:58 08/01/06 ident [info] Mastorino Maria
16:16:10 08/01/06 ident [info] Natalia Eugenia Depetris
17:37:53 08/01/06 ident [info] Maria de los Milagros Gutierrez
17:52:55 08/01/06 ident [info] Maria de los Milagros Gutierrez
19:02:49 08/01/06 ident [info] Sonia Pastorelli
19:06:15 08/01/06 ident [info] Sonia Pastorelli
20:49:38 08/01/06 ident [info] Rosana Portillo
11:30:24 08/02/06 ident [info] Victorio Enrique Sonzogni
12:01:41 08/02/06 ident [info] Mariano Galan
16:42:31 08/02/06 ident [info] Mariano Galan
16:52:24 08/02/06 ident [info] Mariano Galan
19:48:34 08/02/06 ident [info] Mariano Galan
07:31:08 08/03/06 ident [info] Guillermo Ferrando
10:21:09 08/03/06 ident [info] Pablo AndrÈs Pessolani
11:09:25 08/03/06 ident [info] Mariano GalanCATEDRA: Construcciones Met·licas y de madera
11:13:17 08/03/06 ident [info] Mariano Galan INSTALACIONES INDUSTRIALES
15:24:07 08/03/06 ident [info] Carlos JosÈ Suarez FISICA II MEC·NICA
15:40:45 08/03/06 ident [info] Aldo Vecchietti GESTIÛN DE DATOS
15:50:04 08/03/06 ident [info] Carlos JosÈ Suarez FISICA II MEC·NICA
19:09:14 08/03/06 ident [info] Oscar Eduardo Maggi ANALISIS ESTRUCTURAL I
20:41:11 08/03/06 ident [info] Mariano Galan TECNOLOGIA DE LOS MATERIALES
00:18:56 08/04/06 ident [info] Guillermo Ferrando AN·LISIS ESTRUCTURAL II
17:08:11 08/04/06 ident [info] Mastorino Maria ING. INDUSTRIAL
18:17:40 08/04/06 ident [info] Omar Chiotti SISTEMA DE GESTIÛN II
16:05:07 08/05/06 ident [info] Rosana Portillo SISTEMAS Y ORGANIZACIONES
08:38:05 08/07/06 ident [info] Marcelo Montagna ADMINISTRACIÛN GERENCIAL
10:46:27 08/07/06 ident [info] Horacio Leone DEPARTAMENTO SISTEMAS
11:01:00 08/07/06 ident [info] Horacio Leone DEPARTAMENTO SISTEMAS
12:09:54 08/07/06 ident [info] Omar Chiotti SISTEMA DE GESTIÛN II
12:28:41 08/07/06 ident [info] Malva Toso MATEM·TICA DISCRETA
14:49:39 08/07/06 ident [info] Mastorino Maria ING. INDUSTRIAL
15:18:29 08/07/06 ident [info] MarÌa Rosa Galli INVESTIGACIÛN OPERATIVA
16:58:27 08/07/06 ident [info] Pablo David Villarreal SISTEMA DE GESTIÛN II
17:59:18 08/07/06 ident [info] Rosana Portillo SISTEMAS Y ORGANIZACIONES
18:19:24 08/07/06 ident [info] Carlos RamÛn Engelberger SISTEMAS DE REPRESENTACIÛN
18:27:56 08/07/06 ident [info] Carlos RamÛn Engelberger SISTEMAS DE REPRESENTACIÛN
18:56:10 08/07/06 ident [info] Carlos RamÛn Engelberger SISTEMAS DE REPRESENTACIÛN
19:18:42 08/07/06 ident [info] Carlos RamÛn Engelberger SISTEMAS DE REPRESENTACIÛN
19:22:18 08/07/06 ident [info] Carlos RamÛn Engelberger SISTEMAS DE REPRESENTACIÛN
19:23:31 08/07/06 ident [info] Carlos RamÛn Engelberger SISTEMAS DE REPRESENTACIÛN
20:52:53 08/07/06 ident [info] Horacio Leone DEPARTAMENTO SISTEMAS
08:23:20 08/08/06 ident [info] Marcelo Montagna ADMINISTRACIÛN GERENCIAL
09:23:49 08/08/06 ident [info] Carlos JosÈ Suarez FISICA II MEC·NICA
12:41:02 08/08/06 ident [info] Pablo AndrÈs Pessolani SISTEMAS OPERATIVOS
15:15:31 08/08/06 ident [info] Roberto Fernadez COMPETENCIA ACM
17:59:12 08/08/06 ident [info] Guillermo Ferrando AN·LISIS ESTRUCTURAL II
18:33:56 08/08/06 ident [info] Guillermo Ferrando AN·LISIS ESTRUCTURAL II
19:48:51 08/08/06 ident [info] Horacio Leone DEPARTAMENTO SISTEMAS
20:01:32 08/08/06 ident [info] Marcela Andrea Vera PARADIGMAS DE PROGRAMACIÛN
20:13:42 08/08/06 ident [info] Myrian Allaio TALLER PREUNIVERSITARIO
20:20:08 08/08/06 ident [info] Myrian Allaio TALLER PREUNIVERSITARIO
21:51:10 08/08/06 ident [info] Horacio Leone DEPARTAMENTO SISTEMAS
10:03:14 08/09/06 ident [info] Horacio Leone DEPARTAMENTO SISTEMAS
15:36:45 08/09/06 ident [info] Myrian Allaio TALLER PREUNIVERSITARIO
16:38:05 08/09/06 ident [info] Alvaro Hergenreder ANALISIS DE SISTEMAS
16:51:40 08/09/06 ident [info] Omar Chiotti PLANIFICACIÛN Y CONTROL DE PRODUCCIÛN
17:04:18 08/09/06 ident [info] Alicia Chevalier REDES DE INFORMACIÛN
17:06:39 08/09/06 ident [info] Omar Chiotti SISTEMA DE GESTIÛN II
17:08:57 08/09/06 ident [info] Omar Chiotti PLANIFICACIÛN Y CONTROL DE PRODUCCIÛN
17:11:50 08/09/06 ident [info] Omar Chiotti SISTEMA DE GESTIÛN II
17:25:34 08/09/06 ident [info] Alicia Chevalier REDES DE INFORMACIÛN
17:53:35 08/09/06 ident [info] Horacio Leone DEPARTAMENTO SISTEMAS
17:54:52 08/09/06 ident [info] Alicia Chevalier REDES DE INFORMACIÛN
17:57:14 08/09/06 ident [info] Malva Toso MATEM·TICA DISCRETA
18:01:49 08/09/06 ident [info] Alicia Chevalier REDES DE INFORMACIÛN
18:15:52 08/09/06 ident [info] Horacio Leone DEPARTAMENTO SISTEMAS
19:51:12 08/09/06 ident [info] Jorge Vega CONTROL AUTOM·TICO
19:55:27 08/09/06 ident [info] Jorge Vega TEORÌA DE CONTROL
20:40:15 08/09/06 ident [info] Ana Rosa Tymoschuk EVALUACIÛN Y MODELADO DE REDES INFORM·TICAS
21:23:26 08/09/06 ident [info] Horacio Leone DEPARTAMENTO SISTEMAS
11:29:33 08/10/06 ident [info] Sonia Pastorelli MATEM·TICA PREUNIVERSITARIA
13:18:39 08/10/06 ident [info] Humberto Pampiglioni ANALISIS MATEM·TICO II
14:31:09 08/10/06 ident [info] Pablo AndrÈs Pessolani SISTEMAS OPERATIVOS
14:57:23 08/10/06 ident [info] Pablo AndrÈs Pessolani DISEÒO E IMPEMENTACIÛN DE SISTEMAS OPERATIVOS
16:26:27 08/10/06 ident [info] Rosana Portillo SISTEMAS Y ORGANIZACIONES
17:26:54 08/10/06 ident [info] Carlos RamÛn Engelberger SISTEMAS DE REPRESENTACIÛN
17:34:20 08/10/06 ident [info] Myrian Allaio TALLER PREUNIVERSITARIO
18:36:22 08/10/06 ident [info] Sandra Ramirez MATEM·TICA PREUNIVERSITARIA
18:46:09 08/10/06 ident [info] Marcela Andrea Vera PARADIGMAS DE PROGRAMACIÛN
19:13:57 08/10/06 ident [info] Lorena Beatriz Moreno MANEJO DE MATERIALES Y DISTRIBUCIÛN EN PLANTA
19:17:09 08/10/06 ident [info] Lorena Beatriz Moreno MANEJO DE MATERIALES Y DISTRIBUCIÛN EN PLANTA
21:40:39 08/10/06 ident [info] Ana Rosa Tymoschuk EVALUACIÛN Y MODELADO DE REDES INFORM·TICAS
11:19:07 08/11/06 ident [info] Pablo AndrÈs Pessolani DISEÒO E IMPEMENTACIÛN DE SISTEMAS OPERATIVOS
11:20:32 08/11/06 ident [info] Pablo AndrÈs Pessolani SISTEMAS OPERATIVOS
12:25:09 08/11/06 ident [info] Mariano Galan DISEÒO E IMPEMENTACIÛN DE SISTEMAS OPERATIVOS
17:08:31 08/11/06 ident [info] Jorge Vega CONTROL AUTOM·TICO
17:09:03 08/11/06 ident [info] Alvaro Hergenreder ANALISIS DE SISTEMAS
18:09:15 08/11/06 ident [info] Aldo Vecchietti DESARROLLO DE PROGRAMACIÛN
18:45:24 08/11/06 ident [info] Malva Toso MATEM·TICA DISCRETA
19:06:25 08/11/06 ident [info] Malva Toso MATEM·TICA DISCRETA
21:12:42 08/11/06 ident [info] Pablo David Villarreal SISTEMAS DE GESTIÛN I
13:22:40 08/12/06 ident [info] Jorge Vega TEORÌA DE CONTROL
00:28:18 08/13/06 ident [info] Jorge Vega CONTROL AUTOM·TICO
20:48:18 08/13/06 ident [info] Horacio Leone PROCESO DE DESARROLLO DE SOFTWARE
11:30:37 08/14/06 ident [info] Malva Toso MATEM·TICA DISCRETA
11:59:41 08/14/06 ident [info] Oscar Greco QUIMICA GENERAL ING. INSDUSTRIAL
12:12:38 08/14/06 ident [info] Oscar Greco QUIMICA GENERAL ING. INSDUSTRIAL
12:17:12 08/14/06 ident [info] Oscar Greco QUIMICA GENERAL ING. INSDUSTRIAL
12:36:56 08/14/06 ident [info] Oscar Greco QUIMICA GENERAL ING. INSDUSTRIAL
12:42:09 08/14/06 ident [info] Pablo David Villarreal SISTEMAS DE GESTIÛN I
13:32:04 08/14/06 ident [info] Pablo David Villarreal SISTEMAS DE GESTIÛN I
13:32:42 08/14/06 ident [info] Pablo David Villarreal SISTEMA DE GESTIÛN II
13:47:37 08/14/06 ident [info] Alejadnro Tassoni INTERGACIÛN ELÈCTRICA II
14:07:13 08/14/06 ident [info] Alejadnro Tassoni INTERGACIÛN ELÈCTRICA II
15:36:11 08/14/06 ident [info] Pablo David Villarreal SISTEMAS DE GESTIÛN I
16:05:06 08/14/06 ident [info] Oscar Greco QUIMICA GENERAL ING. INSDUSTRIAL
16:45:56 08/14/06 ident [info] Myrian Allaio TALLER PREUNIVERSITARIO
16:54:15 08/14/06 ident [info] Myrian Allaio TALLER PREUNIVERSITARIO
18:04:25 08/14/06 ident [info] Malva Toso MATEM·TICA DISCRETA
18:10:28 08/14/06 ident [info] Susana Roldan FISICA II ELÈCTRICA
18:17:35 08/14/06 ident [info] Natalia Eugenia Depetris DISEÒO DE SOFTWARE BASADO EN ARQUITECTURAS
18:35:40 08/14/06 ident [info] Susana Roldan FISICA II ELÈCTRICA
19:13:44 08/14/06 ident [info] Carlos RamÛn Engelberger SISTEMAS DE REPRESENTACIÛN
21:16:14 08/14/06 ident [info] Jorge Vega CONTROL AUTOM·TICO
14:23:48 08/15/06 ident [info] Humberto Pampiglioni ANALISIS MATEM·TICO II
14:24:28 08/15/06 ident [info] Pablo AndrÈs Pessolani DISEÒO E IMPEMENTACIÛN DE SISTEMAS OPERATIVOS
16:15:25 08/15/06 ident [info] Natalia Eugenia Depetris DISEÒO DE SOFTWARE BASADO EN ARQUITECTURAS
16:18:24 08/15/06 ident [info] Humberto Pampiglioni ANALISIS MATEM·TICO II
16:45:09 08/15/06 ident [info] Natalia Eugenia Depetris DISEÒO DE SOFTWARE BASADO EN ARQUITECTURAS
17:05:08 08/15/06 ident [info] Georgina Stegmayer REDES NEURONALES Y SUS APLICACIONES A LA INGENIERÌA
17:07:36 08/15/06 ident [info] Georgina Stegmayer REDES NEURONALES Y SUS APLICACIONES A LA INGENIERÌA
17:59:24 08/15/06 ident [info] Alejandra Roda PROBABILIDAD Y ESTADÌSTICA
18:31:48 08/15/06 ident [info] Marcela Andrea Vera PARADIGMAS DE PROGRAMACIÛN
19:29:45 08/15/06 ident [info] Mariano Galan CIMENTACIONES
22:56:46 08/15/06 ident [info] Jorge Vega CONTROL AUTOM·TICO
08:51:09 08/16/06 ident [info] Victorio Enrique Sonzogni AN·LISIS ESTRUCTURAL II
08:56:33 08/16/06 ident [info] Victorio Enrique Sonzogni AN·LISIS ESTRUCTURAL II
09:00:03 08/16/06 ident [info] Alicia Chevalier REDES DE INFORMACIÛN
09:47:53 08/16/06 ident [info] Alicia Chevalier REDES DE INFORMACIÛN
11:41:52 08/16/06 ident [info] Horacio Leone PARADIGMAS DE PROGRAMACIÛN
12:11:46 08/16/06 ident [info] Alicia Chevalier REDES DE INFORMACIÛN
16:00:42 08/16/06 ident [info] Omar Chiotti PLANIFICACIÛN Y CONTROL DE PRODUCCIÛN
20:44:53 08/16/06 ident [info] Carlos RamÛn Engelberger SISTEMAS DE REPRESENTACIÛN
20:47:40 08/16/06 ident [info] Jorge Vega CONTROL AUTOM·TICO
10:21:49 08/17/06 ident [info] Omar Chiotti SISTEMA DE GESTIÛN II
10:46:11 08/17/06 ident [info] Carlos JosÈ Suarez FISICA II MEC·NICA
14:22:06 08/17/06 ident [info] Pablo AndrÈs Pessolani SISTEMAS OPERATIVOS
15:38:07 08/17/06 ident [info] Pablo AndrÈs Pessolani SISTEMAS OPERATIVOS
16:05:07 08/17/06 ident [info] Georgina Stegmayer REDES NEURONALES Y SUS APLICACIONES A LA INGENIERÌA
16:40:37 08/17/06 ident [info] Georgina Stegmayer REDES NEURONALES Y SUS APLICACIONES A LA INGENIERÌA
16:48:51 08/17/06 ident [info] Georgina Stegmayer REDES NEURONALES Y SUS APLICACIONES A LA INGENIERÌA
16:59:24 08/17/06 ident [info] Pablo David Villarreal SISTEMAS DE GESTIÛN I
16:59:56 08/17/06 ident [info] Marcela Andrea Vera PARADIGMAS DE PROGRAMACIÛN
18:03:30 08/18/06 ident [info] Omar Chiotti PLANIFICACIÛN Y CONTROL DE PRODUCCIÛN
19:36:33 08/18/06 ident [info] Pablo David Villarreal SISTEMA DE GESTIÛN II
19:36:48 08/18/06 ident [info] Pablo David Villarreal SISTEMAS DE GESTIÛN I
20:10:44 08/18/06 ident [info] Malva Toso MATEM·TICA DISCRETA
15:13:53 08/20/06 ident [info] Jorge Vega TEORÌA DE CONTROL
11:58:15 08/21/06 ident [info] Carlos RamÛn Engelberger SISTEMAS DE REPRESENTACIÛN
18:04:04 08/21/06 ident [info] Roberto Fernadez COMPETENCIA ACM
18:36:23 08/21/06 ident [info] Roberto Fernadez COMPETENCIA ACM
18:40:13 08/21/06 ident [info] Roberto Fernadez COMPETENCIA ACM
18:40:35 08/21/06 ident [info] David Nazareno campo PARADIGMAS DE PROGRAMACIÛN
19:12:36 08/21/06 ident [info] Malva Toso MATEM·TICA DISCRETA
20:52:40 08/21/06 ident [info] Alicia Chevalier REDES DE INFORMACIÛN
21:01:21 08/21/06 ident [info] Alicia Chevalier REDES DE INFORMACIÛN
11:49:45 08/22/06 ident [info] Humberto Pampiglioni ANALISIS MATEM·TICO II
16:15:37 08/22/06 ident [info] Natalia Eugenia Depetris PROCESO DE DESARROLLO DE SOFTWARE
17:17:38 08/22/06 ident [info] Pablo David Villarreal SISTEMAS DE GESTIÛN I
17:30:01 08/22/06 ident [info] Natalia Eugenia Depetris PROCESO DE DESARROLLO DE SOFTWARE
18:05:21 08/22/06 ident [info] Pablo David Villarreal SISTEMAS DE GESTIÛN I
18:08:55 08/22/06 ident [info] Mariano Galan COMPETENCIA ACM
18:32:14 08/22/06 ident [info] Mariano Galan COMPETENCIA ACM
20:28:29 08/22/06 ident [info] Patricia Acevedo DEPARTAMENTO SISTEMAS
23:30:43 08/22/06 ident [info] Alicia Chevalier REDES DE INFORMACIÛN
13:41:52 08/23/06 ident [info] MarÌa Rosa Galli INVESTIGACIÛN OPERATIVA
13:51:40 08/23/06 ident [info] MarÌa Rosa Galli INVESTIGACIÛN OPERATIVA
14:04:09 08/23/06 ident [info] MarÌa Rosa Galli INVESTIGACIÛN OPERATIVA
16:31:29 08/23/06 ident [info] Omar Chiotti PLANIFICACIÛN Y CONTROL DE PRODUCCIÛN
16:59:28 08/23/06 ident [info] Omar Chiotti PLANIFICACIÛN Y CONTROL DE PRODUCCIÛN
13:15:36 08/24/06 ident [info] Marcela Andrea Vera PARADIGMAS DE PROGRAMACIÛN
14:43:27 08/24/06 ident [info] Mastorino Maria ING. INDUSTRIAL
15:18:34 08/24/06 ident [info] Alvaro Hergenreder ANALISIS DE SISTEMAS
15:47:47 08/24/06 ident [info] Georgina Stegmayer REDES NEURONALES Y SUS APLICACIONES A LA INGENIERÌA
15:49:10 08/24/06 ident [info] Georgina Stegmayer REDES NEURONALES Y SUS APLICACIONES A LA INGENIERÌA
17:57:46 08/24/06 ident [info] Alejadnro Tassoni COMPETENCIA ACM
19:02:30 08/24/06 ident [info] Humberto Pampiglioni ANALISIS MATEM·TICO II
00:06:36 08/25/06 ident [info] David Nazareno campo PARADIGMAS DE PROGRAMACIÛN
01:33:12 08/25/06 ident [info] Roberto Fernadez COMPETENCIA ACM
08:28:34 08/25/06 ident [info] Carlos RamÛn Engelberger SISTEMAS DE REPRESENTACIÛN
09:52:38 08/25/06 ident [info] Carlos Giorgetti INGENIERÌA DE REQUERIMIENTOS
12:55:17 08/25/06 ident [info] Carlos Giorgetti INGENIERÌA DE REQUERIMIENTOS
15:17:15 08/25/06 ident [info] Horacio Leone PARADIGMAS DE PROGRAMACIÛN
15:17:47 08/25/06 ident [info] Aldo Vecchietti DESARROLLO DE PROGRAMACIÛN
16:02:59 08/25/06 ident [info] Alvaro Hergenreder ANALISIS DE SISTEMAS
16:45:22 08/25/06 ident [info] Horacio Leone DEPARTAMENTO SISTEMAS
17:44:44 08/25/06 ident [info] Pablo David Villarreal SISTEMAS DE GESTIÛN I
21:14:09 25/08/06 ident [info] Rosana Portillo SIMULACIÛN
11:37:19 26/08/06 ident [info] Malva Toso MATEM·TICA DISCRETA
16:22:08 26/08/06 ident [info] Jorge Vega TEORÌA DE CONTROL
16:31:59 26/08/06 ident [info] Jorge Vega TEORÌA DE CONTROL
16:38:17 26/08/06 ident [info] Jorge Vega TEORÌA DE CONTROL
20:37:42 26/08/06 ident [info] Jorge Vega CONTROL AUTOM·TICO
15:19:03 27/08/06 ident [info] Sonia Pastorelli MATEM·TICA PREUNIVERSITARIA
21:12:18 27/08/06 ident [info] Pablo AndrÈs Pessolani SISTEMAS OPERATIVOS
11:31:40 28/08/06 ident [info] MarÌa Rosa Galli INVESTIGACIÛN OPERATIVA
17:31:47 28/08/06 ident [info] Sandra Ramirez MATEM·TICA PREUNIVERSITARIA
19:05:52 28/08/06 ident [info] javier Acosta DEPARTAMENTO ELECTROTÈCNIA
19:06:52 28/08/06 ident [info] Carlos RamÛn Engelberger SISTEMAS DE REPRESENTACIÛN
19:12:36 28/08/06 ident [info] ra˙l Regalini INSTRUMENTACIÛN
19:25:16 28/08/06 ident [info] Aldo Vecchietti BASES DE DATOS AVANZADAS
19:37:47 28/08/06 ident [info] Laura Caliusco MODELOS DE E-NEGOCIOS
19:45:25 28/08/06 ident [info] Laura Caliusco MODELOS DE E-NEGOCIOS
19:48:35 28/08/06 ident [info] Horacio Leone PARADIGMAS DE PROGRAMACIÛN
19:51:24 28/08/06 ident [info] Aldo Vecchietti BASES DE DATOS AVANZADAS
20:47:25 28/08/06 ident [info] Oscar Greco QUIMICA GENERAL ING. INSDUSTRIAL
23:07:25 28/08/06 ident [info] laureano brac ANALÌSIS MATEM·TICO I
23:07:37 28/08/06 ident [info] laureano brac ANALISIS MATEM·TICO II
10:01:46 29/08/06 ident [info] Horacio Leone PARADIGMAS DE PROGRAMACIÛN
11:11:05 29/08/06 ident [info] Alejadnro Tassoni MANEJO DE MATERIALES Y DISTRIBUCIÛN EN PLANTA
12:27:37 29/08/06 ident [info] Malva Toso MATEM·TICA DISCRETA
13:56:55 29/08/06 ident [info] Roberto Fernadez COMPETENCIA ACM
16:47:02 29/08/06 ident [info] Rosana Portillo SISTEMAS Y ORGANIZACIONES
17:00:49 29/08/06 ident [info] Georgina Stegmayer REDES NEURONALES Y SUS APLICACIONES A LA INGENIERÌA
18:17:43 29/08/06 ident [info] Rosana Portillo SISTEMAS Y ORGANIZACIONES
18:19:35 29/08/06 ident [info] Rosana Portillo SISTEMAS Y ORGANIZACIONES
20:07:12 29/08/06 ident [info] Carlos RamÛn Engelberger SISTEMAS DE REPRESENTACIÛN
20:10:41 29/08/06 ident [info] Alvaro Hergenreder ANALISIS DE SISTEMAS
12:21:48 30/08/06 ident [info] Alicia Chevalier REDES DE INFORMACIÛN
18:56:17 30/08/06 ident [info] Sonia Pastorelli C·LCULO AVANZADO
19:15:06 30/08/06 ident [info] Alejandra Roda PROBABILIDAD Y ESTADÌSTICA
19:40:00 30/08/06 ident [info] Pablo David Villarreal SISTEMAS DE GESTIÛN I
19:54:49 30/08/06 ident [info] Laura Caliusco MODELOS DE E-NEGOCIOS
12:37:57 31/08/06 ident [info] Pablo David Villarreal SISTEMA DE GESTIÛN II
13:26:51 31/08/06 ident [info] Susana Roldan FÌSICA PREUNIVERSITARIA
16:22:18 31/08/06 ident [info] Juan Domingo Taleb BASES DE DATOS AVANZADAS
17:17:49 31/08/06 ident [info] Georgina Stegmayer REDES NEURONALES Y SUS APLICACIONES A LA INGENIERÌA
17:28:12 31/08/06 ident [info] Malva Toso MATEM·TICA DISCRETA
17:31:43 31/08/06 ident [info] Omar Chiotti SISTEMA DE GESTIÛN II
18:16:29 31/08/06 ident [info] Malva Toso MATEM·TICA DISCRETA
18:44:22 31/08/06 ident [info] Juan Domingo Taleb BASES DE DATOS AVANZADAS
19:59:39 31/08/06 ident [info] Carlos Giorgetti INGENIERÌA DE REQUERIMIENTOS
20:04:09 31/08/06 ident [info] Alejandra Roda PROBABILIDAD Y ESTADÌSTICA
20:56:47 31/08/06 ident [info] Susana Roldan FÌSICA PREUNIVERSITARIA
21:58:10 31/08/06 ident [info] Susana Roldan FÌSICA PREUNIVERSITARIA
23:23:17 31/08/06 ident [info] Jorge Vega TEORÌA DE CONTROL
13:03:22 01/09/06 ident [info] Pablo AndrÈs Pessolani SISTEMAS OPERATIVOS
15:14:58 01/09/06 ident [info] Carlos RamÛn Engelberger SISTEMAS DE REPRESENTACIÛN
15:23:31 01/09/06 ident [info] Carlos Giorgetti INGENIERÌA DE REQUERIMIENTOS
15:44:53 01/09/06 ident [info] Pablo David Villarreal SISTEMAS DE GESTIÛN I
18:26:47 01/09/06 ident [info] laureano brac ANALISIS MATEM·TICO II
18:51:01 01/09/06 ident [info] Humberto Pampiglioni ANALISIS MATEM·TICO II
19:01:11 01/09/06 ident [info] Alicia Chevalier REDES DE INFORMACIÛN
19:28:47 01/09/06 ident [info] Laura Caliusco MODELOS DE E-NEGOCIOS
19:33:13 01/09/06 ident [info] Laura Caliusco MODELOS DE E-NEGOCIOS
19:34:01 01/09/06 ident [info] Laura Caliusco MODELOS DE E-NEGOCIOS
13:34:56 02/09/06 ident [info] Malva Toso MATEM·TICA DISCRETA
14:44:51 03/09/06 ident [info] Roberto Fernadez COMPETENCIA ACM
22:18:44 03/09/06 ident [info] Carlos RamÛn Engelberger SISTEMAS DE REPRESENTACIÛN
12:06:01 04/09/06 ident [info] Susana Roldan FÌSICA PREUNIVERSITARIA
12:17:21 04/09/06 ident [info] Pablo AndrÈs Pessolani SISTEMAS OPERATIVOS
15:10:51 04/09/06 ident [info] Omar Chiotti SISTEMA DE GESTIÛN II
15:27:02 04/09/06 ident [info] Alvaro Hergenreder ANALISIS DE SISTEMAS
15:40:17 04/09/06 ident [info] Alejandra Roda PROBABILIDAD Y ESTADÌSTICA
16:26:31 04/09/06 ident [info] Pablo AndrÈs Pessolani SISTEMAS OPERATIVOS
16:36:14 04/09/06 ident [info] Juan Domingo Taleb BASES DE DATOS AVANZADAS
17:00:07 04/09/06 ident [info] web grupoweb INGLÈS
17:02:55 04/09/06 ident [info] web grupoweb PROYECTO FINAL
18:10:58 04/09/06 ident [info] Pablo David Villarreal SISTEMAS DE GESTIÛN I
18:14:35 04/09/06 ident [info] Humberto Pampiglioni ANALISIS MATEM·TICO II
18:31:04 04/09/06 ident [info] Mastorino Maria ING. INDUSTRIAL
18:36:42 04/09/06 ident [info] Mastorino Maria ING. INDUSTRIAL
18:51:37 04/09/06 ident [info] Maria de los Milagros Gutierrez INTELIGENCIA ARTIFICIAL
19:11:14 04/09/06 ident [info] Maria de los Milagros Gutierrez INTELIGENCIA ARTIFICIAL
07:56:24 05/09/06 ident [info] Natalia Eugenia Depetris PROCESO DE DESARROLLO DE SOFTWARE
10:43:23 05/09/06 ident [info] Carlos Giorgetti INGENIERÌA DE REQUERIMIENTOS
11:15:20 05/09/06 ident [info] Maria de los Milagros Gutierrez INTELIGENCIA ARTIFICIAL
11:37:26 05/09/06 ident [info] Horacio Leone PARADIGMAS DE PROGRAMACIÛN
12:01:38 05/09/06 ident [info] Pablo AndrÈs Pessolani DISEÒO E IMPEMENTACIÛN DE SISTEMAS OPERATIVOS
15:37:02 05/09/06 ident [info] Horacio Leone PARADIGMAS DE PROGRAMACIÛN
18:00:35 05/09/06 ident [info] Omar Chiotti SISTEMA DE GESTIÛN II
18:06:36 05/09/06 ident [info] Juan Domingo Taleb BASES DE DATOS AVANZADAS
19:02:03 05/09/06 ident [info] Aldo Vecchietti BASES DE DATOS AVANZADAS
19:05:00 05/09/06 ident [info] Alvaro Hergenreder ANALISIS DE SISTEMAS
19:14:11 05/09/06 ident [info] Alvaro Hergenreder ANALISIS DE SISTEMAS
19:21:34 05/09/06 ident [info] Marcela Andrea Vera PARADIGMAS DE PROGRAMACIÛN
10:49:35 06/09/06 ident [info] Aldo Vecchietti DESARROLLO DE PROGRAMACIÛN
11:19:52 06/09/06 ident [info] Aldo Vecchietti DESARROLLO DE PROGRAMACIÛN
11:22:07 06/09/06 ident [info] Omar Chiotti PLANIFICACIÛN Y CONTROL DE PRODUCCIÛN
17:44:13 09/06/06 ident [info] Alvaro Hergenreder ANALISIS DE SISTEMAS
18:04:51 09/06/06 ident [info] Alvaro Hergenreder ANALISIS DE SISTEMAS
18:29:48 09/06/06 ident [info] Mariano Galan ANALISIS MATEM·TICO II
18:42:22 09/06/06 ident [info] diego levental PROBABILIDAD Y ESTADÌSTICA
19:05:46 09/06/06 ident [info] diego levental ANALISIS MATEM·TICO II
19:09:09 09/06/06 ident [info] Mariano Galan CIMENTACIONES
20:12:14 09/06/06 ident [info] Oscar Greco QUIMICA GENERAL ING. INSDUSTRIAL
21:11:05 09/06/06 ident [info] Marcela Andrea Vera PARADIGMAS DE PROGRAMACIÛN
09:57:06 09/07/06 ident [info] Sonia Pastorelli ANALISIS MATEM·TICO II
13:23:37 09/07/06 ident [info] Pablo AndrÈs Pessolani SISTEMAS OPERATIVOS
13:37:50 09/07/06 ident [info] Omar Chiotti SISTEMAS DE GESTIÛN I
14:07:25 09/07/06 ident [info] Susana Roldan FÌSICA PREUNIVERSITARIA
14:11:58 09/07/06 ident [info] Rosana Portillo SIMULACIÛN
16:24:19 09/07/06 ident [info] Omar Chiotti SISTEMAS DE GESTIÛN I
19:38:01 09/07/06 ident [info] Pablo David Villarreal SISTEMAS DE GESTIÛN I
09:33:35 09/08/06 ident [info] Humberto Pampiglioni ANALISIS MATEM·TICO II
16:10:41 09/08/06 ident [info] Martin Dario Passadore INFORM·TICA I
16:23:44 09/08/06 ident [info] Martin Dario Passadore INFORM·TICA I
17:58:01 09/08/06 ident [info] Mastorino Maria ING. INDUSTRIAL
13:01:20 09/09/06 ident [info] Jorge Vega CONTROL AUTOM·TICO
21:25:28 09/09/06 ident [info] Carlos RamÛn Engelberger SISTEMAS DE REPRESENTACIÛN
21:34:36 09/09/06 ident [info] Carlos RamÛn Engelberger SISTEMAS DE REPRESENTACIÛN
13:03:21 09/11/06 ident [info] Juan Domingo Taleb BASES DE DATOS AVANZADAS
15:14:45 09/11/06 ident [info] Rosana Portillo SISTEMAS Y ORGANIZACIONES
15:17:45 09/11/06 ident [info] Alejandra Roda PROBABILIDAD Y ESTADÌSTICA
15:26:40 09/11/06 ident [info] Malva Toso MATEM·TICA DISCRETA
15:40:06 09/11/06 ident [info] Pablo David Villarreal SISTEMA DE GESTIÛN II
15:53:06 09/11/06 ident [info] Pablo David Villarreal SISTEMAS DE GESTIÛN I
16:59:32 09/11/06 ident [info] Georgina Stegmayer REDES NEURONALES Y SUS APLICACIONES A LA INGENIERÌA
18:12:15 09/11/06 ident [info] Georgina Stegmayer REDES NEURONALES Y SUS APLICACIONES A LA INGENIERÌA
18:15:47 09/11/06 ident [info] Rosana Portillo SISTEMAS Y ORGANIZACIONES
19:36:01 09/11/06 ident [info] Malva Toso MATEM·TICA DISCRETA
20:08:50 09/11/06 ident [info] Susana Roldan FÌSICA PREUNIVERSITARIA
10:25:32 09/12/06 ident [info] Sonia Pastorelli ANALISIS MATEM·TICO II
10:48:15 09/12/06 ident [info] Pablo David Villarreal SISTEMAS DE GESTIÛN I
11:20:05 09/12/06 ident [info] Pablo David Villarreal SISTEMAS DE GESTIÛN I
11:21:46 09/12/06 ident [info] Pablo David Villarreal SISTEMA DE GESTIÛN II
12:50:41 09/12/06 ident [info] Marcela Andrea Vera PARADIGMAS DE PROGRAMACIÛN
13:29:18 09/12/06 ident [info] Carlos Giorgetti INGENIERÌA DE REQUERIMIENTOS
16:24:22 09/12/06 ident [info] Malva Toso MATEM·TICA DISCRETA
17:37:42 09/12/06 ident [info] Malva Toso MATEM·TICA DISCRETA
18:10:53 09/12/06 ident [info] Natalia Eugenia Depetris PROCESO DE DESARROLLO DE SOFTWARE
18:35:40 09/12/06 ident [info] Natalia Eugenia Depetris PROCESO DE DESARROLLO DE SOFTWARE
13:24:07 09/13/06 ident [info] Pablo AndrÈs Pessolani SISTEMAS OPERATIVOS
17:42:13 09/13/06 ident [info] Horacio Leone PARADIGMAS DE PROGRAMACIÛN
18:00:58 09/13/06 ident [info] Carlos RamÛn Engelberger SISTEMAS DE REPRESENTACIÛN
18:11:19 09/13/06 ident [info] Alvaro Hergenreder ANALISIS DE SISTEMAS
19:16:49 09/13/06 ident [info] Malva Toso MATEM·TICA DISCRETA
08:40:06 09/14/06 ident [info] Laura Caliusco MODELOS DE E-NEGOCIOS
11:17:03 09/14/06 ident [info] Marcelo Montagna ADMINISTRACIÛN GERENCIAL
13:40:03 09/14/06 ident [info] Pablo AndrÈs Pessolani SISTEMAS OPERATIVOS
15:41:26 09/14/06 ident [info] Georgina Stegmayer INTELIGENCIA ARTIFICIAL
16:19:26 09/14/06 ident [info] Aldo Vecchietti DESARROLLO DE PROGRAMACIÛN
16:22:26 09/14/06 ident [info] Aldo Vecchietti GESTIÛN DE DATOS
17:07:28 09/14/06 ident [info] Alicia Chevalier REDES DE INFORMACIÛN
17:30:39 09/14/06 ident [info] Omar Chiotti SISTEMAS DE GESTIÛN I
17:58:20 09/14/06 ident [info] Georgina Stegmayer REDES NEURONALES Y SUS APLICACIONES A LA INGENIERÌA
20:47:08 09/14/06 ident [info] Humberto Pampiglioni ANALISIS MATEM·TICO II
13:27:10 09/15/06 ident [info] Marcela Andrea Vera PARADIGMAS DE PROGRAMACIÛN
15:46:42 09/15/06 ident [info] Carlos Giorgetti INGENIERÌA DE REQUERIMIENTOS
17:56:25 09/15/06 ident [info] Marcela Andrea Vera PARADIGMAS DE PROGRAMACIÛN
21:07:48 09/15/06 ident [info] Malva Toso MATEM·TICA DISCRETA
10:16:23 09/18/06 ident [info] Pablo David Villarreal SISTEMA DE GESTIÛN II
12:37:23 09/18/06 ident [info] Pablo AndrÈs Pessolani SISTEMAS OPERATIVOS
14:32:24 09/18/06 ident [info] Mastorino Maria ING. INDUSTRIAL
15:38:27 09/18/06 ident [info] Natalia Eugenia Depetris PROCESO DE DESARROLLO DE SOFTWARE
21:06:07 09/18/06 ident [info] Malva Toso MATEM·TICA DISCRETA
11:21:21 09/19/06 ident [info] Pablo AndrÈs Pessolani SIST. OPERATIVOS AVANZADOS
11:22:05 09/19/06 ident [info] Pablo AndrÈs Pessolani DISEÒO E IMPEMENTACIÛN DE SISTEMAS OPERATIVOS
15:56:59 09/19/06 ident [info] Roberto Fernadez COMPETENCIA ACM
18:52:21 09/19/06 ident [info] Natalia Eugenia Depetris DISEÒO DE SOFTWARE BASADO EN ARQUITECTURAS
18:54:54 09/19/06 ident [info] Natalia Eugenia Depetris DISEÒO DE SOFTWARE BASADO EN ARQUITECTURAS
19:41:25 09/19/06 ident [info] Natalia Eugenia Depetris DISEÒO DE SOFTWARE BASADO EN ARQUITECTURAS
20:01:27 09/19/06 ident [info] Natalia Eugenia Depetris DISEÒO DE SOFTWARE BASADO EN ARQUITECTURAS
20:44:56 09/19/06 ident [info] Natalia Eugenia Depetris DISEÒO DE SOFTWARE BASADO EN ARQUITECTURAS
12:41:07 09/20/06 ident [info] Pablo AndrÈs Pessolani SISTEMAS OPERATIVOS
13:13:02 09/20/06 ident [info] Victor Tucci COSTOS Y PRESUPUESTOS
14:57:45 09/20/06 ident [info] Maria de los Milagros Gutierrez INTELIGENCIA ARTIFICIAL
15:06:46 09/20/06 ident [info] Victor Tucci COSTOS Y PRESUPUESTOS
15:56:28 09/20/06 ident [info] Victor Tucci COSTOS Y PRESUPUESTOS
17:27:41 09/20/06 ident [info] Marcela Andrea Vera PARADIGMAS DE PROGRAMACIÛN
11:56:24 09/22/06 ident [info] Pablo AndrÈs Pessolani SISTEMAS OPERATIVOS
12:18:34 09/22/06 ident [info] Rudi Grether TECNOLOGIA DE LOS MATERIALES
14:00:12 09/22/06 ident [info] Humberto Pampiglioni ANALISIS MATEM·TICO II
14:53:35 09/22/06 ident [info] Humberto Pampiglioni ANALISIS MATEM·TICO II
18:04:37 09/22/06 ident [info] Horacio Leone PARADIGMAS DE PROGRAMACIÛN
13:06:43 09/25/06 ident [info] Pablo AndrÈs Pessolani SIST. OPERATIVOS AVANZADOS
14:20:13 09/25/06 ident [info] Pablo AndrÈs Pessolani SISTEMAS OPERATIVOS
15:39:19 09/25/06 ident [info] Alejandra Roda PROBABILIDAD Y ESTADÌSTICA
15:54:18 09/25/06 ident [info] Horacio Leone PARADIGMAS DE PROGRAMACIÛN
19:02:42 09/25/06 ident [info] Mastorino Maria ING. INDUSTRIAL
20:00:57 09/25/06 ident [info] Georgina Stegmayer REDES NEURONALES Y SUS APLICACIONES A LA INGENIERÌA
20:39:41 09/25/06 ident [info] Marcela Andrea Vera PARADIGMAS DE PROGRAMACIÛN
12:42:38 09/26/06 ident [info] Alicia Chevalier REDES DE INFORMACIÛN
14:44:08 09/26/06 ident [info] Maria de los Milagros Gutierrez INTELIGENCIA ARTIFICIAL
15:06:01 09/26/06 ident [info] Georgina Stegmayer REDES NEURONALES Y SUS APLICACIONES A LA INGENIERÌA
15:11:26 09/26/06 ident [info] Georgina Stegmayer REDES NEURONALES Y SUS APLICACIONES A LA INGENIERÌA
20:03:33 09/26/06 ident [info] Alvaro Hergenreder ANALISIS DE SISTEMAS
20:04:02 09/26/06 ident [info] Humberto Pampiglioni ANALISIS MATEM·TICO II
22:25:48 09/26/06 ident [info] Carlos RamÛn Engelberger SISTEMAS DE REPRESENTACIÛN
10:31:40 09/27/06 ident [info] Oscar Greco QUIMICA GENERAL ING. INSDUSTRIAL
10:44:16 09/27/06 ident [info] Oscar Greco QUIMICA GENERAL ING. INSDUSTRIAL
10:45:07 09/27/06 ident [info] Oscar Greco QUIMICA GENERAL ING. INSDUSTRIAL
11:03:20 09/27/06 ident [info] Pablo AndrÈs Pessolani SISTEMAS OPERATIVOS
14:18:49 09/27/06 ident [info] Rosana Portillo SIMULACIÛN
14:46:00 09/27/06 ident [info] Alvaro Hergenreder ANALISIS DE SISTEMAS
16:43:49 09/27/06 ident [info] Georgina Stegmayer REDES NEURONALES Y SUS APLICACIONES A LA INGENIERÌA
19:00:55 09/27/06 ident [info] Natalia Eugenia Depetris PROCESO DE DESARROLLO DE SOFTWARE
19:23:16 09/27/06 ident [info] Aldo Vecchietti GESTIÛN DE DATOS
21:38:50 09/27/06 ident [info] Malva Toso MATEM·TICA DISCRETA
10:24:26 09/28/06 ident [info] Omar Chiotti SISTEMA DE GESTIÛN II
14:07:25 09/28/06 ident [info] Pablo AndrÈs Pessolani SISTEMAS OPERATIVOS
16:48:21 09/28/06 ident [info] Rosana Portillo SIMULACIÛN
17:17:07 09/28/06 ident [info] Carlos RamÛn Engelberger SISTEMAS DE REPRESENTACIÛN
18:20:48 09/28/06 ident [info] Omar Chiotti SISTEMAS DE GESTIÛN I
18:38:35 09/28/06 ident [info] Omar Chiotti PLANIFICACIÛN Y CONTROL DE PRODUCCIÛN
18:44:22 09/28/06 ident [info] MarÌa Rosa Galli INVESTIGACIÛN OPERATIVA
21:32:19 09/28/06 ident [info] Mastorino Maria ING. INDUSTRIAL
10:06:01 09/29/06 ident [info] Malva Toso MATEM·TICA DISCRETA
11:03:17 09/29/06 ident [info] Alicia Chevalier REDES DE INFORMACIÛN
12:07:23 09/29/06 ident [info] Aldo Vecchietti DESARROLLO DE PROGRAMACIÛN
12:22:50 09/29/06 ident [info] Aldo Vecchietti BASES DE DATOS AVANZADAS
12:31:04 09/29/06 ident [info] Aldo Vecchietti DESARROLLO DE PROGRAMACIÛN
15:30:08 09/29/06 ident [info] Georgina Stegmayer REDES NEURONALES Y SUS APLICACIONES A LA INGENIERÌA
16:10:18 09/29/06 ident [info] MarÌa Rosa Galli INVESTIGACIÛN OPERATIVA
18:14:59 09/29/06 ident [info] Omar Chiotti SISTEMAS DE GESTIÛN I
18:21:09 09/29/06 ident [info] Omar Chiotti SISTEMAS DE GESTIÛN I
19:20:06 10/01/06 ident [info] Malva Toso MATEM·TICA DISCRETA
12:58:10 10/02/06 ident [info] Marcela Andrea Vera PARADIGMAS DE PROGRAMACIÛN
13:00:51 10/02/06 ident [info] Malva Toso MATEM·TICA DISCRETA
14:28:25 10/02/06 ident [info] Pablo AndrÈs Pessolani SISTEMAS OPERATIVOS
14:30:02 10/02/06 ident [info] Rosana Portillo SISTEMAS Y ORGANIZACIONES
15:42:53 10/02/06 ident [info] Alejandra Roda PROBABILIDAD Y ESTADÌSTICA
17:45:25 10/02/06 ident [info] Georgina Stegmayer REDES NEURONALES Y SUS APLICACIONES A LA INGENIERÌA
19:37:44 10/02/06 ident [info] Malva Toso MATEM·TICA DISCRETA
19:59:34 10/02/06 ident [info] ra˙l Regalini INSTRUMENTACIÛN
00:57:18 10/03/06 ident [info] Marcela Andrea Vera PARADIGMAS DE PROGRAMACIÛN
10:58:28 10/03/06 ident [info] Humberto Pampiglioni ANALISIS MATEM·TICO II
12:50:41 10/03/06 ident [info] Roberto Fernadez COMPETENCIA ACM
13:01:47 10/03/06 ident [info] Georgina Stegmayer REDES NEURONALES Y SUS APLICACIONES A LA INGENIERÌA
13:25:18 10/03/06 ident [info] Alvaro Hergenreder ANALISIS DE SISTEMAS
14:57:12 10/03/06 ident [info] Jorge Vega TEORÌA DE CONTROL
17:55:36 10/03/06 ident [info] Alicia Chevalier REDES DE INFORMACIÛN
17:58:51 10/03/06 ident [info] Laura Caliusco MODELOS DE E-NEGOCIOS
18:04:05 10/03/06 ident [info] Laura Caliusco MODELOS DE E-NEGOCIOS
18:05:58 10/03/06 ident [info] Alicia Chevalier REDES DE INFORMACIÛN
19:40:41 10/03/06 ident [info] Ana Rosa Tymoschuk SIMULACIÛN
19:40:50 10/03/06 ident [info] Ana Rosa Tymoschuk EVALUACIÛN Y MODELADO DE REDES INFORM·TICAS
21:06:34 10/03/06 ident [info] Malva Toso MATEM·TICA DISCRETA
21:44:50 10/03/06 ident [info] Carlos RamÛn Engelberger SISTEMAS DE REPRESENTACIÛN
23:34:48 10/03/06 ident [info] Alicia Chevalier REDES DE INFORMACIÛN
09:42:23 10/04/06 ident [info] Rosana Portillo SISTEMAS Y ORGANIZACIONES
09:50:58 10/04/06 ident [info] MarÌa Rosa Galli INVESTIGACIÛN OPERATIVA
11:44:11 10/04/06 ident [info] Pablo AndrÈs Pessolani SISTEMAS OPERATIVOS
17:27:14 10/04/06 ident [info] Malva Toso MATEM·TICA DISCRETA
18:04:16 10/04/06 ident [info] Juan Domingo Taleb BASES DE DATOS AVANZADAS
23:19:22 10/04/06 ident [info] Malva Toso MATEM·TICA DISCRETA
09:30:26 10/05/06 ident [info] Laura Caliusco MODELOS DE E-NEGOCIOS
09:38:16 10/05/06 ident [info] Laura Caliusco MODELOS DE E-NEGOCIOS
11:53:45 10/05/06 ident [info] Pablo AndrÈs Pessolani SISTEMAS OPERATIVOS
14:00:30 10/05/06 ident [info] Pablo AndrÈs Pessolani SISTEMAS OPERATIVOS
14:31:52 10/05/06 ident [info] Pablo AndrÈs Pessolani SISTEMAS OPERATIVOS
14:40:49 10/05/06 ident [info] Mastorino Maria ING. INDUSTRIAL
14:41:11 10/05/06 ident [info] Omar Chiotti SISTEMAS DE GESTIÛN I
14:42:16 10/05/06 ident [info] Humberto Pampiglioni ANALISIS MATEM·TICO II
14:47:06 10/05/06 ident [info] Omar Chiotti SISTEMAS DE GESTIÛN I
16:53:35 10/05/06 ident [info] Horacio Leone PARADIGMAS DE PROGRAMACIÛN
18:52:28 10/05/06 ident [info] Rosana Portillo SIMULACIÛN
19:57:59 10/05/06 ident [info] Malva Toso MATEM·TICA DISCRETA
21:44:57 10/05/06 ident [info] Aldo Vecchietti DESARROLLO DE PROGRAMACIÛN
23:23:18 10/05/06 ident [info] Malva Toso MATEM·TICA DISCRETA
14:53:58 10/06/06 ident [info] Pablo AndrÈs Pessolani SISTEMAS OPERATIVOS
16:32:21 10/06/06 ident [info] Natalia Eugenia Depetris PROCESO DE DESARROLLO DE SOFTWARE
16:53:36 10/06/06 ident [info] Marcela Andrea Vera PARADIGMAS DE PROGRAMACIÛN
17:07:39 10/06/06 ident [info] Horacio Leone PARADIGMAS DE PROGRAMACIÛN
18:36:53 10/06/06 ident [info] Alicia Chevalier REDES DE INFORMACIÛN
10:46:01 10/09/06 ident [info] Carlos JosÈ Suarez FISICA II MEC·NICA
13:08:49 10/09/06 ident [info] JosÈ Alberto Stella ECONOMIA
14:01:29 10/09/06 ident [info] Oscar Greco QUIMICA GENERAL ING. INSDUSTRIAL
14:30:38 10/09/06 ident [info] Pablo AndrÈs Pessolani SISTEMAS OPERATIVOS
14:41:05 10/09/06 ident [info] Mastorino Maria ING. INDUSTRIAL
15:52:38 10/09/06 ident [info] Alejandra Roda PROBABILIDAD Y ESTADÌSTICA
15:56:29 10/09/06 ident [info] Ivan Sorba TRANSPORTE Y LOGISTICA
17:30:45 10/09/06 ident [info] Martin Dario Passadore INFORM·TICA I
17:46:09 10/09/06 ident [info] Marcela Andrea Vera PARADIGMAS DE PROGRAMACIÛN
18:48:46 10/09/06 ident [info] Malva Toso MATEM·TICA DISCRETA
18:58:02 10/09/06 ident [info] Malva Toso MATEM·TICA DISCRETA
20:38:41 10/09/06 ident [info] Rosana Portillo SIMULACIÛN
10:30:45 10/10/06 ident [info] Victor Tucci COSTOS Y PRESUPUESTOS
11:45:20 10/10/06 ident [info] Pablo AndrÈs Pessolani SISTEMAS OPERATIVOS
17:09:58 10/10/06 ident [info] Georgina Stegmayer REDES NEURONALES Y SUS APLICACIONES A LA INGENIERÌA
17:11:37 10/10/06 ident [info] Georgina Stegmayer REDES NEURONALES Y SUS APLICACIONES A LA INGENIERÌA
18:03:21 10/10/06 ident [info] Malva Toso MATEM·TICA DISCRETA
20:35:18 10/10/06 ident [info] Alvaro Hergenreder ANALISIS DE SISTEMAS
09:00:52 10/11/06 ident [info] Jorge Vega TEORÌA DE CONTROL
09:04:42 10/11/06 ident [info] Horacio Leone PARADIGMAS DE PROGRAMACIÛN
09:57:14 10/11/06 ident [info] Horacio Leone PARADIGMAS DE PROGRAMACIÛN
12:29:36 10/11/06 ident [info] JosÈ Alberto Stella ECONOMIA
14:41:25 10/11/06 ident [info] Rosana Portillo SISTEMAS Y ORGANIZACIONES
15:30:25 10/11/06 ident [info] Rosana Portillo SISTEMAS Y ORGANIZACIONES
16:50:18 10/11/06 ident [info] Malva Toso MATEM·TICA DISCRETA
17:09:59 10/11/06 ident [info] Patricia Acevedo DEPARTAMENTO SISTEMAS
17:16:09 10/11/06 ident [info] Laura Caliusco MODELOS DE E-NEGOCIOS
19:29:09 10/11/06 ident [info] Rosana Portillo SISTEMAS Y ORGANIZACIONES
19:45:50 10/11/06 ident [info] Carlos RamÛn Engelberger SISTEMAS DE REPRESENTACIÛN
20:53:35 10/11/06 ident [info] Aldo Vecchietti DESARROLLO DE PROGRAMACIÛN
21:11:39 10/11/06 ident [info] Marcela Andrea Vera PARADIGMAS DE PROGRAMACIÛN
22:03:43 10/11/06 ident [info] Carlos JosÈ Suarez FISICA II MEC·NICA
09:07:50 10/12/06 ident [info] Rosana Portillo SISTEMAS Y ORGANIZACIONES
09:20:18 10/12/06 ident [info] Horacio Leone PARADIGMAS DE PROGRAMACIÛN
09:32:50 10/12/06 ident [info] Horacio Leone PARADIGMAS DE PROGRAMACIÛN
09:46:12 10/12/06 ident [info] Marcela Andrea Vera PARADIGMAS DE PROGRAMACIÛN
16:30:20 10/12/06 ident [info] Ana Rosa Tymoschuk EVALUACIÛN Y MODELADO DE REDES INFORM·TICAS
17:59:46 10/12/06 ident [info] Georgina Stegmayer REDES NEURONALES Y SUS APLICACIONES A LA INGENIERÌA
18:48:24 10/12/06 ident [info] Lorena Beatriz Morero MANEJO DE MATERIALES Y DISTRIBUCIÛN EN PLANTA
19:27:49 10/12/06 ident [info] javier Acosta DEPARTAMENTO ELECTROTÈCNIA
20:13:13 10/12/06 ident [info] javier Acosta DEPARTAMENTO ELECTROTÈCNIA
20:53:23 10/12/06 ident [info] javier Acosta DEPARTAMENTO ELECTROTÈCNIA
21:09:21 10/12/06 ident [info] Susana Roldan FÌSICA PREUNIVERSITARIA
21:19:13 10/12/06 ident [info] javier Acosta DEPARTAMENTO ELECTROTÈCNIA
21:27:47 10/12/06 ident [info] javier Acosta DEPARTAMENTO ELECTROTÈCNIA
21:58:37 10/12/06 ident [info] Pablo David Villarreal SISTEMAS DE GESTIÛN I
09:30:37 10/13/06 ident [info] Malva Toso MATEM·TICA DISCRETA
12:24:57 10/13/06 ident [info] Lorena Beatriz Morero MANEJO DE MATERIALES Y DISTRIBUCIÛN EN PLANTA
12:54:41 10/13/06 ident [info] Lorena Beatriz Morero MANEJO DE MATERIALES Y DISTRIBUCIÛN EN PLANTA
14:18:16 10/13/06 ident [info] Lorena Beatriz Morero MANEJO DE MATERIALES Y DISTRIBUCIÛN EN PLANTA
15:20:18 10/13/06 ident [info] Jorge Vega CONTROL AUTOM·TICO
19:14:09 10/13/06 ident [info] javier Acosta DEPARTAMENTO ELECTROTÈCNIA
19:16:17 10/13/06 ident [info] javier Acosta DEPARTAMENTO ELECTROTÈCNIA
21:57:02 10/13/06 ident [info] Marcela Andrea Vera PARADIGMAS DE PROGRAMACIÛN
15:03:54 10/14/06 ident [info] Jorge Vega TEORÌA DE CONTROL
19:58:53 10/14/06 ident [info] Malva Toso MATEM·TICA DISCRETA
19:47:04 10/16/06 ident [info] Carlos RamÛn Engelberger SISTEMAS DE REPRESENTACIÛN
12:46:34 10/17/06 ident [info] Pablo AndrÈs Pessolani SISTEMAS OPERATIVOS
12:50:55 10/17/06 ident [info] Pablo AndrÈs Pessolani DISEÒO E IMPEMENTACIÛN DE SISTEMAS OPERATIVOS
15:55:18 10/17/06 ident [info] JosÈ Alberto Gomez FISICA I
19:01:21 10/17/06 ident [info] Georgina Stegmayer REDES NEURONALES Y SUS APLICACIONES A LA INGENIERÌA
19:03:17 10/17/06 ident [info] Jorge Vega TEORÌA DE CONTROL
19:15:03 10/17/06 ident [info] Jorge Vega TEORÌA DE CONTROL
11:08:55 10/18/06 ident [info] Marcela Andrea Vera PARADIGMAS DE PROGRAMACIÛN
12:27:29 10/18/06 ident [info] Sergio Virili ELECTRÛNICA I
16:50:24 10/18/06 ident [info] javier Acosta DEPARTAMENTO ELECTROTÈCNIA
18:49:03 10/18/06 ident [info] javier Acosta DEPARTAMENTO ELECTROTÈCNIA
18:51:10 10/18/06 ident [info] javier Acosta DEPARTAMENTO ELECTROTÈCNIA
19:32:28 10/18/06 ident [info] Jorge Vega TEORÌA DE CONTROL
19:36:43 10/18/06 ident [info] Jorge Vega CONTROL AUTOM·TICO
21:21:11 10/18/06 ident [info] Horacio Leone PROCESO DE DESARROLLO DE SOFTWARE
21:59:34 10/18/06 ident [info] Juan Domingo Taleb BASES DE DATOS AVANZADAS
22:05:52 10/18/06 ident [info] Juan Domingo Taleb BASES DE DATOS AVANZADAS
00:14:43 10/19/06 ident [info] Roberto Fernadez COMPETENCIA ACM
09:59:38 10/19/06 ident [info] MarÌa Rosa Galli INVESTIGACIÛN OPERATIVA
11:24:38 10/19/06 ident [info] Aldo Vecchietti DESARROLLO DE PROGRAMACIÛN
14:29:17 10/19/06 ident [info] Victor Tucci COSTOS Y PRESUPUESTOS
16:49:54 10/19/06 ident [info] Horacio Leone PARADIGMAS DE PROGRAMACIÛN
17:32:02 10/19/06 ident [info] Natalia Eugenia Depetris PROCESO DE DESARROLLO DE SOFTWARE
18:24:13 10/19/06 ident [info] Humberto Pampiglioni ANALISIS MATEM·TICO II
19:10:16 10/19/06 ident [info] Sandra Ramirez MATEM·TICA PREUNIVERSITARIA
19:12:29 10/19/06 ident [info] Juan Domingo Taleb BASES DE DATOS AVANZADAS
19:32:57 10/19/06 ident [info] Alfonso Gimenez Uribe INGENIERÌA Y SOCIEDAD
20:14:32 10/19/06 ident [info] Alfonso Gimenez Uribe INGENIERÌA Y SOCIEDAD
20:32:53 10/19/06 ident [info] Alfonso Gimenez Uribe INGENIERÌA Y SOCIEDAD
20:44:29 10/19/06 ident [info] Alfonso Gimenez Uribe INGENIERÌA Y SOCIEDAD
20:53:55 10/19/06 ident [info] Alfonso Gimenez Uribe INGENIERÌA Y SOCIEDAD
21:57:57 10/19/06 ident [info] Carlos RamÛn Engelberger SISTEMAS DE REPRESENTACIÛN
22:15:41 10/19/06 ident [info] Susana Roldan FÌSICA PREUNIVERSITARIA
10:20:28 10/20/06 ident [info] Horacio Leone PARADIGMAS DE PROGRAMACIÛN
15:39:59 10/20/06 ident [info] Pablo David Villarreal SISTEMAS DE GESTIÛN I
16:10:43 10/20/06 ident [info] Horacio Leone PARADIGMAS DE PROGRAMACIÛN
16:31:30 10/20/06 ident [info] Carlos Giorgetti INGENIERÌA DE REQUERIMIENTOS
